<?xml version="1.0" encoding="UTF-8"?>
<!-- Generated by org.testng.reporters.JUnitXMLReporter -->
<testsuite ignored="0" hostname="Arun" failures="0" tests="6" name="Default test" time="15.955" errors="0" timestamp="2023-09-28T16:14:38 IST">
  <testcase classname="api.test.DDTests" name="testPostUser" time="3.633"/>
  <testcase classname="api.test.DDTests" name="testPostUser" time="1.971"/>
  <testcase classname="api.test.DDTests" name="testPostUser" time="1.653"/>
  <testcase classname="api.test.DDTests" name="testDeleteUserByName" time="2.092"/>
  <testcase classname="api.test.DDTests" name="testDeleteUserByName" time="4.162"/>
  <testcase classname="api.test.DDTests" name="testDeleteUserByName" time="1.452"/>
</testsuite> <!-- Default test -->
