<?xml version="1.0" encoding="UTF-8"?>
<!-- Generated by org.testng.reporters.JUnitXMLReporter -->
<testsuite ignored="0" hostname="Arun" failures="0" tests="4" name="PetTests" time="18.448" errors="0" timestamp="2023-10-03T11:36:11 IST">
  <testcase classname="api.test.UserTests" name="testPostUser" time="11.304"/>
  <testcase classname="api.test.UserTests" name="testGetUserByName" time="1.491"/>
  <testcase classname="api.test.UserTests" name="testUpdateUserByName" time="3.319"/>
  <testcase classname="api.test.UserTests" name="testDeleteUserByName" time="1.897"/>
</testsuite> <!-- PetTests -->
